<?xml version="1.0" encoding="UTF-8"?>
<!-- Generated by org.testng.reporters.JUnitReportReporter -->
<testsuite hostname="TILLT03788" failures="0" tests="6" name="test.Login1" time="159.099" errors="0" timestamp="2020-06-01T22:03:17 IST" skipped="0">
  <testcase classname="test.Login1" name="emptyEmailTest" time="19.447"/>
  <system-out/>
  <testcase classname="test.Login1" name="invalidEmailTest" time="14.550"/>
  <system-out/>
  <testcase classname="test.Login1" name="invalidPasswordTest" time="22.408"/>
  <system-out/>
  <testcase classname="test.Login1" name="titleTest" time="54.837"/>
  <system-out/>
  <testcase classname="test.Login1" name="loginTest" time="19.105"/>
  <system-out/>
  <testcase classname="test.Login1" name="logoutTest" time="28.752"/>
  <system-out/>
</testsuite> <!-- test.Login1 -->
